<?xml version="1.0" encoding="UTF-8"?>
<testsuite name="com.mjc.school.ApplicationIntegrationTest" tests="1" skipped="0" failures="0" errors="0" timestamp="2023-07-19T20:59:37" hostname="1PC" time="4.82">
  <properties/>
  <testcase name="contextLoads()" classname="com.mjc.school.ApplicationIntegrationTest" time="4.82"/>
  <system-out><![CDATA[02:59:39.349 [Test worker] INFO org.springframework.data.repository.config.RepositoryConfigurationDelegate -- Bootstrapping Spring Data JPA repositories in DEFAULT mode.
02:59:39.395 [Test worker] INFO org.springframework.data.repository.config.RepositoryConfigurationDelegate -- Finished Spring Data repository scanning in 27 ms. Found 0 JPA repository interfaces.
02:59:40.072 [Test worker] INFO org.hibernate.jpa.internal.util.LogHelper -- HHH000204: Processing PersistenceUnitInfo [name: default]
02:59:40.177 [Test worker] INFO org.hibernate.Version -- HHH000412: Hibernate ORM core version 5.6.14.Final
02:59:40.589 [Test worker] INFO org.hibernate.annotations.common.Version -- HCANN000001: Hibernate Commons Annotations {5.1.2.Final}
02:59:41.268 [Test worker] INFO org.hibernate.dialect.Dialect -- HHH000400: Using dialect: org.hibernate.dialect.PostgreSQL10Dialect
02:59:41.632 [Test worker] INFO org.hibernate.engine.transaction.jta.platform.internal.JtaPlatformInitiator -- HHH000490: Using JtaPlatform implementation: [org.hibernate.engine.transaction.jta.platform.internal.NoJtaPlatform]
02:59:41.645 [Test worker] INFO org.springframework.orm.jpa.LocalContainerEntityManagerFactoryBean -- Initialized JPA EntityManagerFactory for persistence unit 'default'
]]></system-out>
  <system-err><![CDATA[]]></system-err>
</testsuite>
